{
  "RSpec": {
    "coverage": {
      "/Users/stuart/Documents/fsatolives/lib/fsatolives.rb": [
        1,
        null,
        1,
        1,
        1,
        1,
        1,
        1,
        1,
        1,
        null,
        1,
        null,
        1,
        0,
        0,
        0,
        null,
        null,
        null,
        null,
        null,
        null,
        1,
        1,
        1,
        null,
        null,
        1,
        1,
        1,
        0,
        null,
        null,
        1,
        1,
        0,
        0,
        null,
        null,
        1,
        1,
        null,
        null,
        null,
        null,
        null,
        null,
        1,
        null,
        null,
        null,
        null,
        null,
        null,
        1,
        null,
        null,
        1,
        1,
        null,
        null,
        null,
        null,
        null,
        null,
        null,
        null,
        null,
        null,
        1,
        1,
        2,
        2,
        null,
        null,
        null,
        null,
        null,
        null,
        null,
        null,
        null,
        null,
        2,
        null,
        1,
        null,
        null,
        1,
        1,
        null,
        null,
        null,
        null,
        null,
        null,
        1,
        1,
        null,
        null,
        null,
        null,
        null,
        null,
        2,
        null,
        1,
        null,
        null,
        1,
        1,
        0,
        0,
        null,
        0,
        null,
        null,
        1,
        0,
        0,
        0,
        null,
        null,
        null,
        null,
        1,
        48,
        null,
        null,
        1,
        3,
        6,
        null,
        null,
        null,
        1,
        3,
        9,
        null,
        null,
        null,
        1,
        8,
        null,
        null,
        1,
        4,
        null,
        null,
        1,
        null,
        14,
        null,
        null,
        null,
        null,
        null,
        null,
        null,
        null
      ],
      "/Users/stuart/Documents/fsatolives/lib/db/towns.rb": [
        1,
        null,
        1,
        1,
        null,
        1,
        1,
        null
      ],
      "/Users/stuart/Documents/fsatolives/lib/db/mongoid_setup.rb": [
        1,
        1,
        null,
        1
      ],
      "/Users/stuart/Documents/fsatolives/lib/db/counties.rb": [
        1,
        null,
        1,
        1,
        null,
        1,
        1,
        1,
        null
      ]
    },
    "timestamp": 1394814633
  }
}
